# JRE version: OpenJDK Runtime Environment (8.0_152-b01) (build 1.8.0_152-release-1024-b01)
# Java VM: OpenJDK 64-Bit Server VM (25.152-b01 mixed mode linux-amd64 compressed oops)
Heap:
 PSYoungGen      total 245760K, used 23034K [0x00000000e0000000, 0x00000000f0b00000, 0x0000000100000000)
  eden space 222720K, 0% used [0x00000000e0000000,0x00000000e0000000,0x00000000ed980000)
  from space 23040K, 99% used [0x00000000ed980000,0x00000000eeffeb90,0x00000000ef000000)
  to   space 20992K, 0% used [0x00000000ef000000,0x00000000ef000000,0x00000000f0480000)
 ParOldGen       total 124416K, used 43262K [0x00000000a0000000, 0x00000000a7980000, 0x00000000e0000000)
  object space 124416K, 34% used [0x00000000a0000000,0x00000000a2a3fb48,0x00000000a7980000)
 Metaspace       used 69359K, capacity 71360K, committed 71640K, reserved 1112064K
  class space    used 9393K, capacity 9905K, committed 9984K, reserved 1048576K
GC Heap History (10 events):
Event: 4,653 GC heap after
Heap after GC invocations=9 (full 2):
 PSYoungGen      total 130560K, used 0K [0x00000000e0000000, 0x00000000ec500000, 0x0000000100000000)
  eden space 120320K, 0% used [0x00000000e0000000,0x00000000e0000000,0x00000000e7580000)
  from space 10240K, 0% used [0x00000000e7580000,0x00000000e7580000,0x00000000e7f80000)
  to   space 12800K, 0% used [0x00000000eb880000,0x00000000eb880000,0x00000000ec500000)
 ParOldGen       total 80896K, used 19438K [0x00000000a0000000, 0x00000000a4f00000, 0x00000000e0000000)
  object space 80896K, 24% used [0x00000000a0000000,0x00000000a12fb8c8,0x00000000a4f00000)
 Metaspace       used 34451K, capacity 35130K, committed 35416K, reserved 1079296K
  class space    used 4760K, capacity 4971K, committed 4992K, reserved 1048576K
}
Event: 6,486 GC heap before
{Heap before GC invocations=10 (full 2):
 PSYoungGen      total 130560K, used 120320K [0x00000000e0000000, 0x00000000ec500000, 0x0000000100000000)
  eden space 120320K, 100% used [0x00000000e0000000,0x00000000e7580000,0x00000000e7580000)
  from space 10240K, 0% used [0x00000000e7580000,0x00000000e7580000,0x00000000e7f80000)
  to   space 12800K, 0% used [0x00000000eb880000,0x00000000eb880000,0x00000000ec500000)
 ParOldGen       total 80896K, used 19438K [0x00000000a0000000, 0x00000000a4f00000, 0x00000000e0000000)
  object space 80896K, 24% used [0x00000000a0000000,0x00000000a12fb8c8,0x00000000a4f00000)
 Metaspace       used 41932K, capacity 42886K, committed 43096K, reserved 1087488K
  class space    used 5721K, capacity 6002K, committed 6016K, reserved 1048576K
Event: 6,499 GC heap after
Heap after GC invocations=10 (full 2):
 PSYoungGen      total 186880K, used 12787K [0x00000000e0000000, 0x00000000ecf80000, 0x0000000100000000)
  eden space 174080K, 0% used [0x00000000e0000000,0x00000000e0000000,0x00000000eaa00000)
  from space 12800K, 99% used [0x00000000eb880000,0x00000000ec4fcd20,0x00000000ec500000)
  to   space 14848K, 0% used [0x00000000eaa00000,0x00000000eaa00000,0x00000000eb880000)
 ParOldGen       total 80896K, used 19984K [0x00000000a0000000, 0x00000000a4f00000, 0x00000000e0000000)
  object space 80896K, 24% used [0x00000000a0000000,0x00000000a13842d0,0x00000000a4f00000)
 Metaspace       used 41932K, capacity 42886K, committed 43096K, reserved 1087488K
  class space    used 5721K, capacity 6002K, committed 6016K, reserved 1048576K
}
Event: 8,831 GC heap before
{Heap before GC invocations=11 (full 2):
 PSYoungGen      total 186880K, used 186867K [0x00000000e0000000, 0x00000000ecf80000, 0x0000000100000000)
  eden space 174080K, 100% used [0x00000000e0000000,0x00000000eaa00000,0x00000000eaa00000)
  from space 12800K, 99% used [0x00000000eb880000,0x00000000ec4fcd20,0x00000000ec500000)
  to   space 14848K, 0% used [0x00000000eaa00000,0x00000000eaa00000,0x00000000eb880000)
 ParOldGen       total 80896K, used 19984K [0x00000000a0000000, 0x00000000a4f00000, 0x00000000e0000000)
  object space 80896K, 24% used [0x00000000a0000000,0x00000000a13842d0,0x00000000a4f00000)
 Metaspace       used 54366K, capacity 56086K, committed 56280K, reserved 1097728K
  class space    used 7411K, capacity 7848K, committed 7936K, reserved 1048576K
Event: 8,858 GC heap after
Heap after GC invocations=11 (full 2):
 PSYoungGen      total 188928K, used 14829K [0x00000000e0000000, 0x00000000f0480000, 0x0000000100000000)
  eden space 174080K, 0% used [0x00000000e0000000,0x00000000e0000000,0x00000000eaa00000)
  from space 14848K, 99% used [0x00000000eaa00000,0x00000000eb87b510,0x00000000eb880000)
  to   space 20992K, 0% used [0x00000000ef000000,0x00000000ef000000,0x00000000f0480000)
 ParOldGen       total 80896K, used 29891K [0x00000000a0000000, 0x00000000a4f00000, 0x00000000e0000000)
  object space 80896K, 36% used [0x00000000a0000000,0x00000000a1d30ee8,0x00000000a4f00000)
 Metaspace       used 54366K, capacity 56086K, committed 56280K, reserved 1097728K
  class space    used 7411K, capacity 7848K, committed 7936K, reserved 1048576K
}
Event: 9,576 GC heap before
{Heap before GC invocations=12 (full 2):
 PSYoungGen      total 188928K, used 72031K [0x00000000e0000000, 0x00000000f0480000, 0x0000000100000000)
  eden space 174080K, 32% used [0x00000000e0000000,0x00000000e37dc8d8,0x00000000eaa00000)
  from space 14848K, 99% used [0x00000000eaa00000,0x00000000eb87b510,0x00000000eb880000)
  to   space 20992K, 0% used [0x00000000ef000000,0x00000000ef000000,0x00000000f0480000)
 ParOldGen       total 80896K, used 29891K [0x00000000a0000000, 0x00000000a4f00000, 0x00000000e0000000)
  object space 80896K, 36% used [0x00000000a0000000,0x00000000a1d30ee8,0x00000000a4f00000)
 Metaspace       used 57248K, capacity 58942K, committed 59028K, reserved 1099776K
  class space    used 7772K, capacity 8178K, committed 8192K, reserved 1048576K
Event: 9,596 GC heap after
Heap after GC invocations=12 (full 2):
 PSYoungGen      total 243712K, used 18236K [0x00000000e0000000, 0x00000000f0b00000, 0x0000000100000000)
  eden space 222720K, 0% used [0x00000000e0000000,0x00000000e0000000,0x00000000ed980000)
  from space 20992K, 86% used [0x00000000ef000000,0x00000000f01cf2c0,0x00000000f0480000)
  to   space 23040K, 0% used [0x00000000ed980000,0x00000000ed980000,0x00000000ef000000)
 ParOldGen       total 80896K, used 36728K [0x00000000a0000000, 0x00000000a4f00000, 0x00000000e0000000)
  object space 80896K, 45% used [0x00000000a0000000,0x00000000a23de060,0x00000000a4f00000)
 Metaspace       used 57248K, capacity 58942K, committed 59028K, reserved 1099776K
  class space    used 7772K, capacity 8178K, committed 8192K, reserved 1048576K
}
Event: 9,596 GC heap before
{Heap before GC invocations=13 (full 3):
 PSYoungGen      total 243712K, used 18236K [0x00000000e0000000, 0x00000000f0b00000, 0x0000000100000000)
  eden space 222720K, 0% used [0x00000000e0000000,0x00000000e0000000,0x00000000ed980000)
  from space 20992K, 86% used [0x00000000ef000000,0x00000000f01cf2c0,0x00000000f0480000)
  to   space 23040K, 0% used [0x00000000ed980000,0x00000000ed980000,0x00000000ef000000)
 ParOldGen       total 80896K, used 36728K [0x00000000a0000000, 0x00000000a4f00000, 0x00000000e0000000)
  object space 80896K, 45% used [0x00000000a0000000,0x00000000a23de060,0x00000000a4f00000)
 Metaspace       used 57248K, capacity 58942K, committed 59028K, reserved 1099776K
  class space    used 7772K, capacity 8178K, committed 8192K, reserved 1048576K
Event: 9,762 GC heap after
Heap after GC invocations=13 (full 3):
 PSYoungGen      total 243712K, used 0K [0x00000000e0000000, 0x00000000f0b00000, 0x0000000100000000)
  eden space 222720K, 0% used [0x00000000e0000000,0x00000000e0000000,0x00000000ed980000)
  from space 20992K, 0% used [0x00000000ef000000,0x00000000ef000000,0x00000000f0480000)
  to   space 23040K, 0% used [0x00000000ed980000,0x00000000ed980000,0x00000000ef000000)
 ParOldGen       total 124416K, used 40385K [0x00000000a0000000, 0x00000000a7980000, 0x00000000e0000000)
  object space 124416K, 32% used [0x00000000a0000000,0x00000000a2770708,0x00000000a7980000)
 Metaspace       used 57248K, capacity 58942K, committed 59028K, reserved 1099776K
  class space    used 7772K, capacity 8178K, committed 8192K, reserved 1048576K
}
Event: 17,197 GC heap before
{Heap before GC invocations=14 (full 3):
 PSYoungGen      total 243712K, used 222720K [0x00000000e0000000, 0x00000000f0b00000, 0x0000000100000000)
  eden space 222720K, 100% used [0x00000000e0000000,0x00000000ed980000,0x00000000ed980000)
  from space 20992K, 0% used [0x00000000ef000000,0x00000000ef000000,0x00000000f0480000)
  to   space 23040K, 0% used [0x00000000ed980000,0x00000000ed980000,0x00000000ef000000)
 ParOldGen       total 124416K, used 40385K [0x00000000a0000000, 0x00000000a7980000, 0x00000000e0000000)
  object space 124416K, 32% used [0x00000000a0000000,0x00000000a2770708,0x00000000a7980000)
 Metaspace       used 69359K, capacity 71360K, committed 71640K, reserved 1112064K
  class space    used 9393K, capacity 9905K, committed 9984K, reserved 1048576K

